<?xml version="1.0" encoding="UTF-8"?>
<testsuite name="hello.hello.spring.ApplicationTests" tests="1" skipped="0" failures="0" errors="0" timestamp="2024-01-18T06:44:23" hostname="DESKTOP-C0QPA0N" time="0.5">
  <properties/>
  <testcase name="contextLoads()" classname="hello.hello.spring.ApplicationTests" time="0.5"/>
  <system-out><![CDATA[15:44:17.993 [Test worker] INFO org.springframework.test.context.support.AnnotationConfigContextLoaderUtils -- Could not detect default configuration classes for test class [hello.hello.spring.ApplicationTests]: ApplicationTests does not declare any static, non-private, non-final, nested classes annotated with @Configuration.
15:44:18.110 [Test worker] INFO org.springframework.boot.test.context.SpringBootTestContextBootstrapper -- Found @SpringBootConfiguration hello.hello.spring.Application for test class hello.hello.spring.ApplicationTests

  .   ____          _            __ _ _
 /\\ / ___'_ __ _ _(_)_ __  __ _ \ \ \ \
( ( )\___ | '_ | '_| | '_ \/ _` | \ \ \ \
 \\/  ___)| |_)| | | | | || (_| |  ) ) ) )
  '  |____| .__|_| |_|_| |_\__, | / / / /
 =========|_|==============|___/=/_/_/_/
 :: Spring Boot ::                (v3.2.1)

2024-01-18T15:44:18.610+09:00  WARN 5216 --- [    Test worker] ory$DuplicateJsonObjectContextCustomizer : 

Found multiple occurrences of org.json.JSONObject on the class path:

	jar:file:/C:/Users/ParkSY/.gradle/caches/modules-2/files-2.1/org.json/json/20231013/e22e0c040fe16f04ffdb85d851d77b07fc05ea52/json-20231013.jar!/org/json/JSONObject.class
	jar:file:/C:/Users/ParkSY/.gradle/caches/modules-2/files-2.1/com.vaadin.external.google/android-json/0.0.20131108.vaadin1/fa26d351fe62a6a17f5cda1287c1c6110dec413f/android-json-0.0.20131108.vaadin1.jar!/org/json/JSONObject.class

You may wish to exclude one of them to ensure predictable runtime behavior

2024-01-18T15:44:18.627+09:00  INFO 5216 --- [    Test worker] hello.hello.spring.ApplicationTests      : Starting ApplicationTests using Java 17.0.9 with PID 5216 (started by ParkSY in C:\VS java\LoginPJT)
2024-01-18T15:44:18.627+09:00  INFO 5216 --- [    Test worker] hello.hello.spring.ApplicationTests      : No active profile set, falling back to 1 default profile: "default"
2024-01-18T15:44:19.369+09:00  INFO 5216 --- [    Test worker] .s.d.r.c.RepositoryConfigurationDelegate : Bootstrapping Spring Data JPA repositories in DEFAULT mode.
2024-01-18T15:44:19.467+09:00  INFO 5216 --- [    Test worker] .s.d.r.c.RepositoryConfigurationDelegate : Finished Spring Data repository scanning in 80 ms. Found 1 JPA repository interface.
2024-01-18T15:44:20.007+09:00  INFO 5216 --- [    Test worker] com.zaxxer.hikari.HikariDataSource       : HikariPool-1 - Starting...
2024-01-18T15:44:20.385+09:00  INFO 5216 --- [    Test worker] com.zaxxer.hikari.pool.HikariPool        : HikariPool-1 - Added connection com.mysql.cj.jdbc.ConnectionImpl@3869a6e5
2024-01-18T15:44:20.390+09:00  INFO 5216 --- [    Test worker] com.zaxxer.hikari.HikariDataSource       : HikariPool-1 - Start completed.
2024-01-18T15:44:20.454+09:00  INFO 5216 --- [    Test worker] o.hibernate.jpa.internal.util.LogHelper  : HHH000204: Processing PersistenceUnitInfo [name: default]
2024-01-18T15:44:20.561+09:00  INFO 5216 --- [    Test worker] org.hibernate.Version                    : HHH000412: Hibernate ORM core version 6.4.1.Final
2024-01-18T15:44:20.610+09:00  INFO 5216 --- [    Test worker] o.h.c.internal.RegionFactoryInitiator    : HHH000026: Second-level cache disabled
2024-01-18T15:44:20.974+09:00  INFO 5216 --- [    Test worker] o.s.o.j.p.SpringPersistenceUnitInfo      : No LoadTimeWeaver setup: ignoring JPA class transformer
2024-01-18T15:44:21.987+09:00  INFO 5216 --- [    Test worker] o.h.e.t.j.p.i.JtaPlatformInitiator       : HHH000489: No JTA platform available (set 'hibernate.transaction.jta.platform' to enable JTA platform integration)
2024-01-18T15:44:21.989+09:00  INFO 5216 --- [    Test worker] j.LocalContainerEntityManagerFactoryBean : Initialized JPA EntityManagerFactory for persistence unit 'default'
2024-01-18T15:44:22.567+09:00  WARN 5216 --- [    Test worker] JpaBaseConfiguration$JpaWebConfiguration : spring.jpa.open-in-view is enabled by default. Therefore, database queries may be performed during view rendering. Explicitly configure spring.jpa.open-in-view to disable this warning
2024-01-18T15:44:22.597+09:00  INFO 5216 --- [    Test worker] o.s.b.a.w.s.WelcomePageHandlerMapping    : Adding welcome page: class path resource [static/index.html]
2024-01-18T15:44:23.092+09:00  INFO 5216 --- [    Test worker] hello.hello.spring.ApplicationTests      : Started ApplicationTests in 4.741 seconds (process running for 6.04)
]]></system-out>
  <system-err><![CDATA[]]></system-err>
</testsuite>
